Loading required package: Matrix
── Attaching packages ─────────────────────────────────────── tidyverse 1.2.1 ──
✔ ggplot2 3.2.0           ✔ purrr   0.3.2      
✔ tibble  2.1.3           ✔ dplyr   0.8.3      
✔ tidyr   0.8.99.9000     ✔ stringr 1.4.0      
✔ readr   1.3.1           ✔ forcats 0.4.0      
── Conflicts ────────────────────────────────────────── tidyverse_conflicts() ──
✖ tidyr::expand() masks Matrix::expand()
✖ dplyr::filter() masks stats::filter()
✖ dplyr::lag()    masks stats::lag()
✖ tidyr::pack()   masks Matrix::pack()
✖ tidyr::unpack() masks Matrix::unpack()
Warning message:
In checkMatrixPackageVersion() : Package version inconsistency detected.
TMB was built with Matrix version 1.2.15
Current Matrix version is 1.2.17
Please re-install 'TMB' from source using install.packages('TMB', type = 'source') or ask CRAN for a binary version of 'TMB' matching CRAN's 'Matrix' package
Loading required package: survival

Attaching package: ‘data.table’

The following objects are masked from ‘package:dplyr’:

    between, first, last

The following object is masked from ‘package:purrr’:

    transpose

Loading required package: future

Attaching package: ‘future’

The following object is masked from ‘package:survival’:

    cluster

Parsed with column specification:
cols(
  id = col_double()
)
Warning message:
`as_tibble.matrix()` requires a matrix with column names or a `.name_repair` argument. Using compatibility `.name_repair`.
This warning is displayed once per session. 
Warning message:
Column `id` joining factor and character vector, coercing into character vector 
Loading required package: Matrix
── Attaching packages ─────────────────────────────────────── tidyverse 1.2.1 ──
✔ ggplot2 3.2.0           ✔ purrr   0.3.2      
✔ tibble  2.1.3           ✔ dplyr   0.8.3      
✔ tidyr   0.8.99.9000     ✔ stringr 1.4.0      
✔ readr   1.3.1           ✔ forcats 0.4.0      
── Conflicts ────────────────────────────────────────── tidyverse_conflicts() ──
✖ tidyr::expand() masks Matrix::expand()
✖ dplyr::filter() masks stats::filter()
✖ dplyr::lag()    masks stats::lag()
✖ tidyr::pack()   masks Matrix::pack()
✖ tidyr::unpack() masks Matrix::unpack()
Warning message:
In checkMatrixPackageVersion() : Package version inconsistency detected.
TMB was built with Matrix version 1.2.15
Current Matrix version is 1.2.17
Please re-install 'TMB' from source using install.packages('TMB', type = 'source') or ask CRAN for a binary version of 'TMB' matching CRAN's 'Matrix' package
Loading required package: survival

Attaching package: ‘data.table’

The following objects are masked from ‘package:dplyr’:

    between, first, last

The following object is masked from ‘package:purrr’:

    transpose

Loading required package: future

Attaching package: ‘future’

The following object is masked from ‘package:survival’:

    cluster

Parsed with column specification:
cols(
  id = col_double()
)
Warning message:
`as_tibble.matrix()` requires a matrix with column names or a `.name_repair` argument. Using compatibility `.name_repair`.
This warning is displayed once per session. 
Warning message:
Column `id` joining factor and character vector, coercing into character vector 
