PLINK v1.90b6.12 64-bit (28 Oct 2019)
Options in effect:
  --bfile data/sheep_geno_imputed_oar_filt
  --keep example_data/example_ids_plink.txt
  --make-bed
  --out example_data/sheep_geno_imputed_oar_filt
  --sheep

Hostname: sce-bio-c05292
Working directory: /Users/mstoffel/Dropbox/projects/current/sheep_ID
Start time: Sun Jun  7 12:29:08 2020

Random number seed: 1591529348
16384 MB RAM detected; reserving 8192 MB for main workspace.
417373 variants loaded from .bim file.
5952 sheep (3057 males, 2895 females) loaded from .fam.
--keep: 100 sheep remaining.
Using 1 thread (no multithreaded calculations invoked).
Before main variant filters, 6 founders and 94 nonfounders present.
Calculating allele frequencies... done.
Total genotyping rate in remaining samples is 0.994414.
417373 variants and 100 sheep pass filters and QC.
Note: No phenotypes present.
--make-bed to example_data/sheep_geno_imputed_oar_filt.bed +
example_data/sheep_geno_imputed_oar_filt.bim +
example_data/sheep_geno_imputed_oar_filt.fam ... done.

End time: Sun Jun  7 12:29:10 2020
